<?xml version="1.0" encoding="utf-8"?>
<CoverageSession xmlns:xsd="http://www.w3.org/2001/XMLSchema" xmlns:xsi="http://www.w3.org/2001/XMLSchema-instance" Version="0.0.0.0">
  <Summary numSequencePoints="187" visitedSequencePoints="170" numBranchPoints="0" visitedBranchPoints="0" sequenceCoverage="90.91" branchCoverage="0.0" maxCyclomaticComplexity="0" minCyclomaticComplexity="0" maxCrapScore="0" minCrapScore="0" visitedClasses="17" numClasses="17" visitedMethods="29" numMethods="29" />
  <Modules>
    <Module>
      <Summary numSequencePoints="119" visitedSequencePoints="106" numBranchPoints="0" visitedBranchPoints="0" sequenceCoverage="89.08" branchCoverage="0.0" maxCyclomaticComplexity="0" minCyclomaticComplexity="0" maxCrapScore="0" minCrapScore="0" visitedClasses="12" numClasses="12" visitedMethods="15" numMethods="15" />
      <ModuleTime>0001-01-01T00:00:00</ModuleTime>
      <ModuleName>PlayTests</ModuleName>
      <Files>
        <File uid="2" fullPath="C:/Users/manu/flarpy blorb/Assets/Test/PlayTests/BirdTest.cs" />
        <File uid="3" fullPath="C:/Users/manu/flarpy blorb/Assets/Test/PlayTests/PipeTest.cs" />
      </Files>
      <Classes>
        <Class>
          <Summary numSequencePoints="7" visitedSequencePoints="7" numBranchPoints="0" visitedBranchPoints="0" sequenceCoverage="100.0" branchCoverage="0.0" maxCyclomaticComplexity="0" minCyclomaticComplexity="0" maxCrapScore="0" minCrapScore="0" visitedClasses="1" numClasses="1" visitedMethods="2" numMethods="2" />
          <FullName>BirdTest</FullName>
          <Methods>
            <Method visited="true" cyclomaticComplexity="0" nPathComplexity="0" sequenceCoverage="100.0" branchCoverage="0" crapScore="0" isConstructor="false" isStatic="false" isGetter="false" isSetter="false">
              <Summary numSequencePoints="3" visitedSequencePoints="3" numBranchPoints="0" visitedBranchPoints="0" sequenceCoverage="100.0" branchCoverage="0" maxCyclomaticComplexity="0" minCyclomaticComplexity="0" maxCrapScore="0" minCrapScore="0" visitedClasses="0" numClasses="0" visitedMethods="1" numMethods="1" />
              <MetadataToken>100663297</MetadataToken>
              <Name>System.Void BirdTest::Setup()</Name>
              <FileRef uid="2" />
              <SequencePoints>
                <SequencePoint vc="8" uspid="263" ordinal="0" offset="0" sl="14" sc="5" el="14" ec="5" bec="0" bev="0" fileid="2" />
                <SequencePoint vc="8" uspid="264" ordinal="0" offset="1" sl="16" sc="9" el="16" ec="9" bec="0" bev="0" fileid="2" />
                <SequencePoint vc="8" uspid="265" ordinal="0" offset="12" sl="18" sc="5" el="18" ec="5" bec="0" bev="0" fileid="2" />
              </SequencePoints>
              <BranchPoints />
            </Method>
            <Method visited="true" cyclomaticComplexity="0" nPathComplexity="0" sequenceCoverage="100.0" branchCoverage="0" crapScore="0" isConstructor="false" isStatic="false" isGetter="false" isSetter="false">
              <Summary numSequencePoints="4" visitedSequencePoints="4" numBranchPoints="0" visitedBranchPoints="0" sequenceCoverage="100.0" branchCoverage="0" maxCyclomaticComplexity="0" minCyclomaticComplexity="0" maxCrapScore="0" minCrapScore="0" visitedClasses="0" numClasses="0" visitedMethods="1" numMethods="1" />
              <MetadataToken>100663298</MetadataToken>
              <Name>System.Void BirdTest::CustomSetup()</Name>
              <FileRef uid="2" />
              <SequencePoints>
                <SequencePoint vc="8" uspid="266" ordinal="0" offset="0" sl="21" sc="5" el="21" ec="5" bec="0" bev="0" fileid="2" />
                <SequencePoint vc="8" uspid="267" ordinal="0" offset="1" sl="23" sc="9" el="23" ec="9" bec="0" bev="0" fileid="2" />
                <SequencePoint vc="8" uspid="268" ordinal="0" offset="17" sl="25" sc="9" el="25" ec="9" bec="0" bev="0" fileid="2" />
                <SequencePoint vc="8" uspid="269" ordinal="0" offset="34" sl="26" sc="5" el="26" ec="5" bec="0" bev="0" fileid="2" />
              </SequencePoints>
              <BranchPoints />
            </Method>
          </Methods>
        </Class>
        <Class>
          <Summary numSequencePoints="7" visitedSequencePoints="7" numBranchPoints="0" visitedBranchPoints="0" sequenceCoverage="100.0" branchCoverage="0.0" maxCyclomaticComplexity="0" minCyclomaticComplexity="0" maxCrapScore="0" minCrapScore="0" visitedClasses="1" numClasses="1" visitedMethods="3" numMethods="3" />
          <FullName>PipeTest</FullName>
          <Methods>
            <Method visited="true" cyclomaticComplexity="0" nPathComplexity="0" sequenceCoverage="100.0" branchCoverage="0" crapScore="0" isConstructor="false" isStatic="false" isGetter="false" isSetter="false">
              <Summary numSequencePoints="3" visitedSequencePoints="3" numBranchPoints="0" visitedBranchPoints="0" sequenceCoverage="100.0" branchCoverage="0" maxCyclomaticComplexity="0" minCyclomaticComplexity="0" maxCrapScore="0" minCrapScore="0" visitedClasses="0" numClasses="0" visitedMethods="1" numMethods="1" />
              <MetadataToken>100663308</MetadataToken>
              <Name>System.Void PipeTest::Setup()</Name>
              <FileRef uid="3" />
              <SequencePoints>
                <SequencePoint vc="2" uspid="270" ordinal="0" offset="0" sl="15" sc="5" el="15" ec="5" bec="0" bev="0" fileid="3" />
                <SequencePoint vc="2" uspid="271" ordinal="0" offset="1" sl="17" sc="9" el="17" ec="9" bec="0" bev="0" fileid="3" />
                <SequencePoint vc="2" uspid="272" ordinal="0" offset="12" sl="18" sc="5" el="18" ec="5" bec="0" bev="0" fileid="3" />
              </SequencePoints>
              <BranchPoints />
            </Method>
            <Method visited="true" cyclomaticComplexity="0" nPathComplexity="0" sequenceCoverage="100.0" branchCoverage="0" crapScore="0" isConstructor="false" isStatic="false" isGetter="false" isSetter="false">
              <Summary numSequencePoints="3" visitedSequencePoints="3" numBranchPoints="0" visitedBranchPoints="0" sequenceCoverage="100.0" branchCoverage="0" maxCyclomaticComplexity="0" minCyclomaticComplexity="0" maxCrapScore="0" minCrapScore="0" visitedClasses="0" numClasses="0" visitedMethods="1" numMethods="1" />
              <MetadataToken>100663309</MetadataToken>
              <Name>System.Void PipeTest::CustomSetup()</Name>
              <FileRef uid="3" />
              <SequencePoints>
                <SequencePoint vc="2" uspid="273" ordinal="0" offset="0" sl="21" sc="5" el="21" ec="5" bec="0" bev="0" fileid="3" />
                <SequencePoint vc="2" uspid="274" ordinal="0" offset="1" sl="23" sc="9" el="23" ec="9" bec="0" bev="0" fileid="3" />
                <SequencePoint vc="2" uspid="275" ordinal="0" offset="17" sl="24" sc="5" el="24" ec="5" bec="0" bev="0" fileid="3" />
              </SequencePoints>
              <BranchPoints />
            </Method>
            <Method visited="true" cyclomaticComplexity="0" nPathComplexity="0" sequenceCoverage="100.0" branchCoverage="0" crapScore="0" isConstructor="false" isStatic="false" isGetter="false" isSetter="false">
              <Summary numSequencePoints="1" visitedSequencePoints="1" numBranchPoints="0" visitedBranchPoints="0" sequenceCoverage="100.0" branchCoverage="0" maxCyclomaticComplexity="0" minCyclomaticComplexity="0" maxCrapScore="0" minCrapScore="0" visitedClasses="0" numClasses="0" visitedMethods="1" numMethods="1" />
              <MetadataToken>100663313</MetadataToken>
              <Name>System.Boolean PipeTest::&lt;Pipe_PassesDeadZone_Destroyed&gt;b__4_0()</Name>
              <FileRef uid="3" />
              <SequencePoints>
                <SequencePoint vc="4429" uspid="276" ordinal="0" offset="0" sl="52" sc="42" el="52" ec="42" bec="0" bev="0" fileid="3" />
              </SequencePoints>
              <BranchPoints />
            </Method>
          </Methods>
        </Class>
        <Class>
          <Summary numSequencePoints="8" visitedSequencePoints="8" numBranchPoints="0" visitedBranchPoints="0" sequenceCoverage="100.0" branchCoverage="0.0" maxCyclomaticComplexity="0" minCyclomaticComplexity="0" maxCrapScore="0" minCrapScore="0" visitedClasses="1" numClasses="1" visitedMethods="1" numMethods="1" />
          <FullName>BirdTest/&lt;rimuru_Bigjump_Die&gt;d__8</FullName>
          <Methods>
            <Method visited="true" cyclomaticComplexity="0" nPathComplexity="0" sequenceCoverage="100.0" branchCoverage="0" crapScore="0" isConstructor="false" isStatic="false" isGetter="false" isSetter="false">
              <Summary numSequencePoints="8" visitedSequencePoints="8" numBranchPoints="0" visitedBranchPoints="0" sequenceCoverage="100.0" branchCoverage="0" maxCyclomaticComplexity="0" minCyclomaticComplexity="0" maxCrapScore="0" minCrapScore="0" visitedClasses="0" numClasses="0" visitedMethods="1" numMethods="1" />
              <MetadataToken>100663318</MetadataToken>
              <Name>System.Boolean BirdTest/&lt;rimuru_Bigjump_Die&gt;d__8::MoveNext()</Name>
              <FileRef uid="2" />
              <SequencePoints>
                <SequencePoint vc="1" uspid="277" ordinal="0" offset="34" sl="103" sc="5" el="103" ec="5" bec="0" bev="0" fileid="2" />
                <SequencePoint vc="1" uspid="278" ordinal="0" offset="35" sl="105" sc="9" el="105" ec="9" bec="0" bev="0" fileid="2" />
                <SequencePoint vc="1" uspid="279" ordinal="0" offset="47" sl="107" sc="9" el="107" ec="9" bec="0" bev="0" fileid="2" />
                <SequencePoint vc="1" uspid="280" ordinal="0" offset="68" sl="110" sc="9" el="110" ec="9" bec="0" bev="0" fileid="2" />
                <SequencePoint vc="1" uspid="281" ordinal="0" offset="95" sl="113" sc="9" el="113" ec="9" bec="0" bev="0" fileid="2" />
                <SequencePoint vc="1" uspid="282" ordinal="0" offset="143" sl="116" sc="9" el="116" ec="9" bec="0" bev="0" fileid="2" />
                <SequencePoint vc="1" uspid="283" ordinal="0" offset="175" sl="119" sc="9" el="119" ec="9" bec="0" bev="0" fileid="2" />
                <SequencePoint vc="1" uspid="284" ordinal="0" offset="197" sl="120" sc="5" el="120" ec="5" bec="0" bev="0" fileid="2" />
              </SequencePoints>
              <BranchPoints />
            </Method>
          </Methods>
        </Class>
        <Class>
          <Summary numSequencePoints="7" visitedSequencePoints="7" numBranchPoints="0" visitedBranchPoints="0" sequenceCoverage="100.0" branchCoverage="0.0" maxCyclomaticComplexity="0" minCyclomaticComplexity="0" maxCrapScore="0" minCrapScore="0" visitedClasses="1" numClasses="1" visitedMethods="1" numMethods="1" />
          <FullName>BirdTest/&lt;rimuru_NoInput_Falls&gt;d__6</FullName>
          <Methods>
            <Method visited="true" cyclomaticComplexity="0" nPathComplexity="0" sequenceCoverage="100.0" branchCoverage="0" crapScore="0" isConstructor="false" isStatic="false" isGetter="false" isSetter="false">
              <Summary numSequencePoints="7" visitedSequencePoints="7" numBranchPoints="0" visitedBranchPoints="0" sequenceCoverage="100.0" branchCoverage="0" maxCyclomaticComplexity="0" minCyclomaticComplexity="0" maxCrapScore="0" minCrapScore="0" visitedClasses="0" numClasses="0" visitedMethods="1" numMethods="1" />
              <MetadataToken>100663324</MetadataToken>
              <Name>System.Boolean BirdTest/&lt;rimuru_NoInput_Falls&gt;d__6::MoveNext()</Name>
              <FileRef uid="2" />
              <SequencePoints>
                <SequencePoint vc="1" uspid="285" ordinal="0" offset="31" sl="64" sc="5" el="64" ec="5" bec="0" bev="0" fileid="2" />
                <SequencePoint vc="1" uspid="286" ordinal="0" offset="32" sl="66" sc="9" el="66" ec="9" bec="0" bev="0" fileid="2" />
                <SequencePoint vc="1" uspid="287" ordinal="0" offset="44" sl="68" sc="9" el="68" ec="9" bec="0" bev="0" fileid="2" />
                <SequencePoint vc="1" uspid="288" ordinal="0" offset="71" sl="71" sc="9" el="71" ec="9" bec="0" bev="0" fileid="2" />
                <SequencePoint vc="1" uspid="289" ordinal="0" offset="103" sl="74" sc="9" el="74" ec="9" bec="0" bev="0" fileid="2" />
                <SequencePoint vc="1" uspid="290" ordinal="0" offset="130" sl="77" sc="9" el="77" ec="9" bec="0" bev="0" fileid="2" />
                <SequencePoint vc="1" uspid="291" ordinal="0" offset="158" sl="78" sc="5" el="78" ec="5" bec="0" bev="0" fileid="2" />
              </SequencePoints>
              <BranchPoints />
            </Method>
          </Methods>
        </Class>
        <Class>
          <Summary numSequencePoints="5" visitedSequencePoints="5" numBranchPoints="0" visitedBranchPoints="0" sequenceCoverage="100.0" branchCoverage="0.0" maxCyclomaticComplexity="0" minCyclomaticComplexity="0" maxCrapScore="0" minCrapScore="0" visitedClasses="1" numClasses="1" visitedMethods="1" numMethods="1" />
          <FullName>BirdTest/&lt;rimuru_OutOfWindowDown_Die&gt;d__9</FullName>
          <Methods>
            <Method visited="true" cyclomaticComplexity="0" nPathComplexity="0" sequenceCoverage="100.0" branchCoverage="0" crapScore="0" isConstructor="false" isStatic="false" isGetter="false" isSetter="false">
              <Summary numSequencePoints="5" visitedSequencePoints="5" numBranchPoints="0" visitedBranchPoints="0" sequenceCoverage="100.0" branchCoverage="0" maxCyclomaticComplexity="0" minCyclomaticComplexity="0" maxCrapScore="0" minCrapScore="0" visitedClasses="0" numClasses="0" visitedMethods="1" numMethods="1" />
              <MetadataToken>100663330</MetadataToken>
              <Name>System.Boolean BirdTest/&lt;rimuru_OutOfWindowDown_Die&gt;d__9::MoveNext()</Name>
              <FileRef uid="2" />
              <SequencePoints>
                <SequencePoint vc="1" uspid="292" ordinal="0" offset="31" sl="123" sc="5" el="123" ec="5" bec="0" bev="0" fileid="2" />
                <SequencePoint vc="1" uspid="293" ordinal="0" offset="32" sl="125" sc="9" el="125" ec="9" bec="0" bev="0" fileid="2" />
                <SequencePoint vc="1" uspid="294" ordinal="0" offset="44" sl="127" sc="9" el="127" ec="9" bec="0" bev="0" fileid="2" />
                <SequencePoint vc="1" uspid="295" ordinal="0" offset="76" sl="130" sc="9" el="130" ec="9" bec="0" bev="0" fileid="2" />
                <SequencePoint vc="1" uspid="296" ordinal="0" offset="98" sl="131" sc="5" el="131" ec="5" bec="0" bev="0" fileid="2" />
              </SequencePoints>
              <BranchPoints />
            </Method>
          </Methods>
        </Class>
        <Class>
          <Summary numSequencePoints="7" visitedSequencePoints="7" numBranchPoints="0" visitedBranchPoints="0" sequenceCoverage="100.0" branchCoverage="0.0" maxCyclomaticComplexity="0" minCyclomaticComplexity="0" maxCrapScore="0" minCrapScore="0" visitedClasses="1" numClasses="1" visitedMethods="1" numMethods="1" />
          <FullName>BirdTest/&lt;rimuru_OutOfWindowUp_Die&gt;d__5</FullName>
          <Methods>
            <Method visited="true" cyclomaticComplexity="0" nPathComplexity="0" sequenceCoverage="100.0" branchCoverage="0" crapScore="0" isConstructor="false" isStatic="false" isGetter="false" isSetter="false">
              <Summary numSequencePoints="7" visitedSequencePoints="7" numBranchPoints="0" visitedBranchPoints="0" sequenceCoverage="100.0" branchCoverage="0" maxCyclomaticComplexity="0" minCyclomaticComplexity="0" maxCrapScore="0" minCrapScore="0" visitedClasses="0" numClasses="0" visitedMethods="1" numMethods="1" />
              <MetadataToken>100663336</MetadataToken>
              <Name>System.Boolean BirdTest/&lt;rimuru_OutOfWindowUp_Die&gt;d__5::MoveNext()</Name>
              <FileRef uid="2" />
              <SequencePoints>
                <SequencePoint vc="1" uspid="297" ordinal="0" offset="31" sl="46" sc="5" el="46" ec="5" bec="0" bev="0" fileid="2" />
                <SequencePoint vc="1" uspid="298" ordinal="0" offset="32" sl="48" sc="9" el="48" ec="9" bec="0" bev="0" fileid="2" />
                <SequencePoint vc="1" uspid="299" ordinal="0" offset="44" sl="51" sc="9" el="51" ec="9" bec="0" bev="0" fileid="2" />
                <SequencePoint vc="1" uspid="300" ordinal="0" offset="71" sl="54" sc="9" el="54" ec="9" bec="0" bev="0" fileid="2" />
                <SequencePoint vc="1" uspid="301" ordinal="0" offset="125" sl="57" sc="9" el="57" ec="9" bec="0" bev="0" fileid="2" />
                <SequencePoint vc="1" uspid="302" ordinal="0" offset="148" sl="60" sc="9" el="60" ec="9" bec="0" bev="0" fileid="2" />
                <SequencePoint vc="1" uspid="303" ordinal="0" offset="170" sl="61" sc="5" el="61" ec="5" bec="0" bev="0" fileid="2" />
              </SequencePoints>
              <BranchPoints />
            </Method>
          </Methods>
        </Class>
        <Class>
          <Summary numSequencePoints="9" visitedSequencePoints="9" numBranchPoints="0" visitedBranchPoints="0" sequenceCoverage="100.0" branchCoverage="0.0" maxCyclomaticComplexity="0" minCyclomaticComplexity="0" maxCrapScore="0" minCrapScore="0" visitedClasses="1" numClasses="1" visitedMethods="1" numMethods="1" />
          <FullName>BirdTest/&lt;rimuru_SimulatedJump_PositionChange&gt;d__7</FullName>
          <Methods>
            <Method visited="true" cyclomaticComplexity="0" nPathComplexity="0" sequenceCoverage="100.0" branchCoverage="0" crapScore="0" isConstructor="false" isStatic="false" isGetter="false" isSetter="false">
              <Summary numSequencePoints="9" visitedSequencePoints="9" numBranchPoints="0" visitedBranchPoints="0" sequenceCoverage="100.0" branchCoverage="0" maxCyclomaticComplexity="0" minCyclomaticComplexity="0" maxCrapScore="0" minCrapScore="0" visitedClasses="0" numClasses="0" visitedMethods="1" numMethods="1" />
              <MetadataToken>100663342</MetadataToken>
              <Name>System.Boolean BirdTest/&lt;rimuru_SimulatedJump_PositionChange&gt;d__7::MoveNext()</Name>
              <FileRef uid="2" />
              <SequencePoints>
                <SequencePoint vc="1" uspid="304" ordinal="0" offset="34" sl="81" sc="5" el="81" ec="5" bec="0" bev="0" fileid="2" />
                <SequencePoint vc="1" uspid="305" ordinal="0" offset="35" sl="83" sc="9" el="83" ec="9" bec="0" bev="0" fileid="2" />
                <SequencePoint vc="1" uspid="306" ordinal="0" offset="47" sl="85" sc="9" el="85" ec="9" bec="0" bev="0" fileid="2" />
                <SequencePoint vc="1" uspid="307" ordinal="0" offset="68" sl="88" sc="9" el="88" ec="9" bec="0" bev="0" fileid="2" />
                <SequencePoint vc="1" uspid="308" ordinal="0" offset="95" sl="91" sc="9" el="91" ec="9" bec="0" bev="0" fileid="2" />
                <SequencePoint vc="1" uspid="309" ordinal="0" offset="148" sl="93" sc="9" el="93" ec="9" bec="0" bev="0" fileid="2" />
                <SequencePoint vc="1" uspid="310" ordinal="0" offset="180" sl="96" sc="9" el="96" ec="9" bec="0" bev="0" fileid="2" />
                <SequencePoint vc="1" uspid="311" ordinal="0" offset="207" sl="99" sc="9" el="99" ec="9" bec="0" bev="0" fileid="2" />
                <SequencePoint vc="1" uspid="312" ordinal="0" offset="235" sl="100" sc="5" el="100" ec="5" bec="0" bev="0" fileid="2" />
              </SequencePoints>
              <BranchPoints />
            </Method>
          </Methods>
        </Class>
        <Class>
          <Summary numSequencePoints="16" visitedSequencePoints="16" numBranchPoints="0" visitedBranchPoints="0" sequenceCoverage="100.0" branchCoverage="0.0" maxCyclomaticComplexity="0" minCyclomaticComplexity="0" maxCrapScore="0" minCrapScore="0" visitedClasses="1" numClasses="1" visitedMethods="1" numMethods="1" />
          <FullName>BirdTest/&lt;rimuru_StuckInPipe_die&gt;d__10</FullName>
          <Methods>
            <Method visited="true" cyclomaticComplexity="0" nPathComplexity="0" sequenceCoverage="100.0" branchCoverage="0" crapScore="0" isConstructor="false" isStatic="false" isGetter="false" isSetter="false">
              <Summary numSequencePoints="16" visitedSequencePoints="16" numBranchPoints="0" visitedBranchPoints="0" sequenceCoverage="100.0" branchCoverage="0" maxCyclomaticComplexity="0" minCyclomaticComplexity="0" maxCrapScore="0" minCrapScore="0" visitedClasses="0" numClasses="0" visitedMethods="1" numMethods="1" />
              <MetadataToken>100663348</MetadataToken>
              <Name>System.Boolean BirdTest/&lt;rimuru_StuckInPipe_die&gt;d__10::MoveNext()</Name>
              <FileRef uid="2" />
              <SequencePoints>
                <SequencePoint vc="1" uspid="313" ordinal="0" offset="34" sl="134" sc="5" el="134" ec="5" bec="0" bev="0" fileid="2" />
                <SequencePoint vc="1" uspid="314" ordinal="0" offset="35" sl="136" sc="9" el="136" ec="9" bec="0" bev="0" fileid="2" />
                <SequencePoint vc="1" uspid="315" ordinal="0" offset="47" sl="138" sc="9" el="138" ec="9" bec="0" bev="0" fileid="2" />
                <SequencePoint vc="1" uspid="316" ordinal="0" offset="68" sl="141" sc="9" el="141" ec="9" bec="0" bev="0" fileid="2" />
                <SequencePoint vc="1" uspid="317" ordinal="0" offset="95" sl="144" sc="14" el="144" ec="14" bec="0" bev="0" fileid="2" />
                <SequencePoint vc="8" uspid="318" ordinal="0" offset="104" sl="145" sc="9" el="145" ec="9" bec="0" bev="0" fileid="2" />
                <SequencePoint vc="8" uspid="319" ordinal="0" offset="105" sl="147" sc="13" el="147" ec="13" bec="0" bev="0" fileid="2" />
                <SequencePoint vc="8" uspid="320" ordinal="0" offset="153" sl="150" sc="13" el="150" ec="13" bec="0" bev="0" fileid="2" />
                <SequencePoint vc="8" uspid="321" ordinal="0" offset="185" sl="153" sc="13" el="153" ec="13" bec="0" bev="0" fileid="2" />
                <SequencePoint vc="1" uspid="322" ordinal="0" offset="208" sl="154" sc="13" el="154" ec="13" bec="0" bev="0" fileid="2" />
                <SequencePoint vc="1" uspid="323" ordinal="0" offset="209" sl="156" sc="17" el="156" ec="17" bec="0" bev="0" fileid="2" />
                <SequencePoint vc="7" uspid="324" ordinal="0" offset="211" sl="158" sc="9" el="158" ec="9" bec="0" bev="0" fileid="2" />
                <SequencePoint vc="7" uspid="325" ordinal="0" offset="212" sl="144" sc="33" el="144" ec="33" bec="0" bev="0" fileid="2" />
                <SequencePoint vc="8" uspid="326" ordinal="0" offset="228" sl="144" sc="25" el="144" ec="25" bec="0" bev="0" fileid="2" />
                <SequencePoint vc="1" uspid="327" ordinal="0" offset="245" sl="161" sc="9" el="161" ec="9" bec="0" bev="0" fileid="2" />
                <SequencePoint vc="1" uspid="328" ordinal="0" offset="267" sl="162" sc="5" el="162" ec="5" bec="0" bev="0" fileid="2" />
              </SequencePoints>
              <BranchPoints />
            </Method>
          </Methods>
        </Class>
        <Class>
          <Summary numSequencePoints="9" visitedSequencePoints="9" numBranchPoints="0" visitedBranchPoints="0" sequenceCoverage="100.0" branchCoverage="0.0" maxCyclomaticComplexity="0" minCyclomaticComplexity="0" maxCrapScore="0" minCrapScore="0" visitedClasses="1" numClasses="1" visitedMethods="1" numMethods="1" />
          <FullName>BirdTest/&lt;rimuru_WhenPassingPipes_AddsScore&gt;d__11</FullName>
          <Methods>
            <Method visited="true" cyclomaticComplexity="0" nPathComplexity="0" sequenceCoverage="100.0" branchCoverage="0" crapScore="0" isConstructor="false" isStatic="false" isGetter="false" isSetter="false">
              <Summary numSequencePoints="9" visitedSequencePoints="9" numBranchPoints="0" visitedBranchPoints="0" sequenceCoverage="100.0" branchCoverage="0" maxCyclomaticComplexity="0" minCyclomaticComplexity="0" maxCrapScore="0" minCrapScore="0" visitedClasses="0" numClasses="0" visitedMethods="1" numMethods="1" />
              <MetadataToken>100663354</MetadataToken>
              <Name>System.Boolean BirdTest/&lt;rimuru_WhenPassingPipes_AddsScore&gt;d__11::MoveNext()</Name>
              <FileRef uid="2" />
              <SequencePoints>
                <SequencePoint vc="1" uspid="329" ordinal="0" offset="45" sl="165" sc="5" el="165" ec="5" bec="0" bev="0" fileid="2" />
                <SequencePoint vc="1" uspid="330" ordinal="0" offset="46" sl="167" sc="9" el="167" ec="9" bec="0" bev="0" fileid="2" />
                <SequencePoint vc="1" uspid="331" ordinal="0" offset="58" sl="169" sc="9" el="169" ec="9" bec="0" bev="0" fileid="2" />
                <SequencePoint vc="1" uspid="332" ordinal="0" offset="74" sl="172" sc="9" el="172" ec="9" bec="0" bev="0" fileid="2" />
                <SequencePoint vc="1" uspid="333" ordinal="0" offset="97" sl="175" sc="9" el="175" ec="9" bec="0" bev="0" fileid="2" />
                <SequencePoint vc="1" uspid="334" ordinal="0" offset="114" sl="178" sc="9" el="178" ec="9" bec="0" bev="0" fileid="2" />
                <SequencePoint vc="1" uspid="335" ordinal="0" offset="152" sl="181" sc="9" el="181" ec="9" bec="0" bev="0" fileid="2" />
                <SequencePoint vc="1" uspid="336" ordinal="0" offset="184" sl="184" sc="9" el="184" ec="9" bec="0" bev="0" fileid="2" />
                <SequencePoint vc="1" uspid="337" ordinal="0" offset="222" sl="185" sc="5" el="185" ec="5" bec="0" bev="0" fileid="2" />
              </SequencePoints>
              <BranchPoints />
            </Method>
          </Methods>
        </Class>
        <Class>
          <Summary numSequencePoints="7" visitedSequencePoints="7" numBranchPoints="0" visitedBranchPoints="0" sequenceCoverage="100.0" branchCoverage="0.0" maxCyclomaticComplexity="0" minCyclomaticComplexity="0" maxCrapScore="0" minCrapScore="0" visitedClasses="1" numClasses="1" visitedMethods="1" numMethods="1" />
          <FullName>BirdTest/&lt;rimuru_outOfWindow_Dies&gt;d__4</FullName>
          <Methods>
            <Method visited="true" cyclomaticComplexity="0" nPathComplexity="0" sequenceCoverage="100.0" branchCoverage="0" crapScore="0" isConstructor="false" isStatic="false" isGetter="false" isSetter="false">
              <Summary numSequencePoints="7" visitedSequencePoints="7" numBranchPoints="0" visitedBranchPoints="0" sequenceCoverage="100.0" branchCoverage="0" maxCyclomaticComplexity="0" minCyclomaticComplexity="0" maxCrapScore="0" minCrapScore="0" visitedClasses="0" numClasses="0" visitedMethods="1" numMethods="1" />
              <MetadataToken>100663360</MetadataToken>
              <Name>System.Boolean BirdTest/&lt;rimuru_outOfWindow_Dies&gt;d__4::MoveNext()</Name>
              <FileRef uid="2" />
              <SequencePoints>
                <SequencePoint vc="1" uspid="338" ordinal="0" offset="31" sl="29" sc="5" el="29" ec="5" bec="0" bev="0" fileid="2" />
                <SequencePoint vc="1" uspid="339" ordinal="0" offset="32" sl="31" sc="9" el="31" ec="9" bec="0" bev="0" fileid="2" />
                <SequencePoint vc="1" uspid="340" ordinal="0" offset="44" sl="33" sc="9" el="33" ec="9" bec="0" bev="0" fileid="2" />
                <SequencePoint vc="1" uspid="341" ordinal="0" offset="71" sl="36" sc="9" el="36" ec="9" bec="0" bev="0" fileid="2" />
                <SequencePoint vc="1" uspid="342" ordinal="0" offset="125" sl="39" sc="9" el="39" ec="9" bec="0" bev="0" fileid="2" />
                <SequencePoint vc="1" uspid="343" ordinal="0" offset="148" sl="42" sc="9" el="42" ec="9" bec="0" bev="0" fileid="2" />
                <SequencePoint vc="1" uspid="344" ordinal="0" offset="170" sl="43" sc="5" el="43" ec="5" bec="0" bev="0" fileid="2" />
              </SequencePoints>
              <BranchPoints />
            </Method>
          </Methods>
        </Class>
        <Class>
          <Summary numSequencePoints="30" visitedSequencePoints="17" numBranchPoints="0" visitedBranchPoints="0" sequenceCoverage="56.67" branchCoverage="0.0" maxCyclomaticComplexity="0" minCyclomaticComplexity="0" maxCrapScore="0" minCrapScore="0" visitedClasses="1" numClasses="1" visitedMethods="1" numMethods="1" />
          <FullName>PipeTest/&lt;Pipe_PassesDeadZone_Destroyed&gt;d__4</FullName>
          <Methods>
            <Method visited="true" cyclomaticComplexity="0" nPathComplexity="0" sequenceCoverage="56.67" branchCoverage="0" crapScore="0" isConstructor="false" isStatic="false" isGetter="false" isSetter="false">
              <Summary numSequencePoints="30" visitedSequencePoints="17" numBranchPoints="0" visitedBranchPoints="0" sequenceCoverage="56.67" branchCoverage="0" maxCyclomaticComplexity="0" minCyclomaticComplexity="0" maxCrapScore="0" minCrapScore="0" visitedClasses="0" numClasses="0" visitedMethods="1" numMethods="1" />
              <MetadataToken>100663366</MetadataToken>
              <Name>System.Boolean PipeTest/&lt;Pipe_PassesDeadZone_Destroyed&gt;d__4::MoveNext()</Name>
              <FileRef uid="3" />
              <SequencePoints>
                <SequencePoint vc="1" uspid="345" ordinal="0" offset="42" sl="47" sc="5" el="47" ec="5" bec="0" bev="0" fileid="3" />
                <SequencePoint vc="1" uspid="346" ordinal="0" offset="43" sl="49" sc="9" el="49" ec="9" bec="0" bev="0" fileid="3" />
                <SequencePoint vc="1" uspid="347" ordinal="0" offset="55" sl="52" sc="9" el="52" ec="9" bec="0" bev="0" fileid="3" />
                <SequencePoint vc="1" uspid="348" ordinal="0" offset="99" sl="55" sc="9" el="55" ec="9" bec="0" bev="0" fileid="3" />
                <SequencePoint vc="1" uspid="349" ordinal="0" offset="131" sl="58" sc="9" el="58" ec="9" bec="0" bev="0" fileid="3" />
                <SequencePoint vc="1" uspid="350" ordinal="0" offset="152" sl="59" sc="9" el="59" ec="9" bec="0" bev="0" fileid="3" />
                <SequencePoint vc="1" uspid="351" ordinal="0" offset="153" sl="60" sc="13" el="60" ec="13" bec="0" bev="0" fileid="3" />
                <SequencePoint vc="1" uspid="352" ordinal="0" offset="154" sl="60" sc="41" el="60" ec="41" bec="0" bev="0" fileid="3" />
                <SequencePoint vc="1" uspid="353" ordinal="0" offset="183" sl="60" sc="22" el="60" ec="22" bec="0" bev="0" fileid="3" />
                <SequencePoint vc="1" uspid="354" ordinal="0" offset="202" sl="61" sc="13" el="61" ec="13" bec="0" bev="0" fileid="3" />
                <SequencePoint vc="1" uspid="355" ordinal="0" offset="203" sl="63" sc="17" el="63" ec="17" bec="0" bev="0" fileid="3" />
                <SequencePoint vc="1" uspid="356" ordinal="0" offset="204" sl="64" sc="21" el="64" ec="21" bec="0" bev="0" fileid="3" />
                <SequencePoint vc="0" uspid="357" ordinal="0" offset="220" sl="65" sc="21" el="65" ec="21" bec="0" bev="0" fileid="3" />
                <SequencePoint vc="0" uspid="358" ordinal="0" offset="221" sl="67" sc="25" el="67" ec="25" bec="0" bev="0" fileid="3" />
                <SequencePoint vc="0" uspid="359" ordinal="0" offset="253" sl="68" sc="25" el="68" ec="25" bec="0" bev="0" fileid="3" />
                <SequencePoint vc="0" uspid="360" ordinal="0" offset="254" sl="69" sc="29" el="69" ec="29" bec="0" bev="0" fileid="3" />
                <SequencePoint vc="0" uspid="361" ordinal="0" offset="265" sl="70" sc="25" el="70" ec="25" bec="0" bev="0" fileid="3" />
                <SequencePoint vc="0" uspid="362" ordinal="0" offset="268" sl="72" sc="25" el="72" ec="25" bec="0" bev="0" fileid="3" />
                <SequencePoint vc="0" uspid="363" ordinal="0" offset="269" sl="74" sc="29" el="74" ec="29" bec="0" bev="0" fileid="3" />
                <SequencePoint vc="0" uspid="364" ordinal="0" offset="280" sl="75" sc="25" el="75" ec="25" bec="0" bev="0" fileid="3" />
                <SequencePoint vc="0" uspid="365" ordinal="0" offset="281" sl="76" sc="21" el="76" ec="21" bec="0" bev="0" fileid="3" />
                <SequencePoint vc="1" uspid="366" ordinal="0" offset="282" sl="77" sc="17" el="77" ec="17" bec="0" bev="0" fileid="3" />
                <SequencePoint vc="0" uspid="367" ordinal="0" offset="285" sl="78" sc="17" el="78" ec="17" bec="0" bev="0" fileid="3" />
                <SequencePoint vc="0" uspid="368" ordinal="0" offset="295" sl="79" sc="17" el="79" ec="17" bec="0" bev="0" fileid="3" />
                <SequencePoint vc="0" uspid="369" ordinal="0" offset="296" sl="81" sc="21" el="81" ec="21" bec="0" bev="0" fileid="3" />
                <SequencePoint vc="0" uspid="370" ordinal="0" offset="323" sl="82" sc="17" el="82" ec="17" bec="0" bev="0" fileid="3" />
                <SequencePoint vc="1" uspid="371" ordinal="0" offset="326" sl="83" sc="13" el="83" ec="13" bec="0" bev="0" fileid="3" />
                <SequencePoint vc="2" uspid="372" ordinal="0" offset="348" sl="60" sc="38" el="60" ec="38" bec="0" bev="0" fileid="3" />
                <SequencePoint vc="1" uspid="373" ordinal="0" offset="374" sl="84" sc="9" el="84" ec="9" bec="0" bev="0" fileid="3" />
                <SequencePoint vc="1" uspid="374" ordinal="0" offset="375" sl="85" sc="5" el="85" ec="5" bec="0" bev="0" fileid="3" />
              </SequencePoints>
              <BranchPoints />
            </Method>
          </Methods>
        </Class>
        <Class>
          <Summary numSequencePoints="7" visitedSequencePoints="7" numBranchPoints="0" visitedBranchPoints="0" sequenceCoverage="100.0" branchCoverage="0.0" maxCyclomaticComplexity="0" minCyclomaticComplexity="0" maxCrapScore="0" minCrapScore="0" visitedClasses="1" numClasses="1" visitedMethods="1" numMethods="1" />
          <FullName>PipeTest/&lt;Pipe_Update_MoveLeft&gt;d__3</FullName>
          <Methods>
            <Method visited="true" cyclomaticComplexity="0" nPathComplexity="0" sequenceCoverage="100.0" branchCoverage="0" crapScore="0" isConstructor="false" isStatic="false" isGetter="false" isSetter="false">
              <Summary numSequencePoints="7" visitedSequencePoints="7" numBranchPoints="0" visitedBranchPoints="0" sequenceCoverage="100.0" branchCoverage="0" maxCyclomaticComplexity="0" minCyclomaticComplexity="0" maxCrapScore="0" minCrapScore="0" visitedClasses="0" numClasses="0" visitedMethods="1" numMethods="1" />
              <MetadataToken>100663372</MetadataToken>
              <Name>System.Boolean PipeTest/&lt;Pipe_Update_MoveLeft&gt;d__3::MoveNext()</Name>
              <FileRef uid="3" />
              <SequencePoints>
                <SequencePoint vc="1" uspid="375" ordinal="0" offset="31" sl="27" sc="5" el="27" ec="5" bec="0" bev="0" fileid="3" />
                <SequencePoint vc="1" uspid="376" ordinal="0" offset="32" sl="29" sc="9" el="29" ec="9" bec="0" bev="0" fileid="3" />
                <SequencePoint vc="1" uspid="377" ordinal="0" offset="44" sl="32" sc="9" el="32" ec="9" bec="0" bev="0" fileid="3" />
                <SequencePoint vc="1" uspid="378" ordinal="0" offset="73" sl="35" sc="9" el="35" ec="9" bec="0" bev="0" fileid="3" />
                <SequencePoint vc="1" uspid="379" ordinal="0" offset="105" sl="38" sc="9" el="38" ec="9" bec="0" bev="0" fileid="3" />
                <SequencePoint vc="1" uspid="380" ordinal="0" offset="134" sl="41" sc="9" el="41" ec="9" bec="0" bev="0" fileid="3" />
                <SequencePoint vc="1" uspid="381" ordinal="0" offset="162" sl="42" sc="5" el="42" ec="5" bec="0" bev="0" fileid="3" />
              </SequencePoints>
              <BranchPoints />
            </Method>
          </Methods>
        </Class>
      </Classes>
    </Module>
    <Module>
      <Summary numSequencePoints="68" visitedSequencePoints="64" numBranchPoints="0" visitedBranchPoints="0" sequenceCoverage="94.12" branchCoverage="0.0" maxCyclomaticComplexity="0" minCyclomaticComplexity="0" maxCrapScore="0" minCrapScore="0" visitedClasses="5" numClasses="5" visitedMethods="14" numMethods="14" />
      <ModuleTime>0001-01-01T00:00:00</ModuleTime>
      <ModuleName>scripts</ModuleName>
      <Files>
        <File uid="4" fullPath="C:/Users/manu/flarpy blorb/Assets/Scripts/logicScript.cs" />
        <File uid="5" fullPath="C:/Users/manu/flarpy blorb/Assets/Scripts/pipeMiddleScript.cs" />
        <File uid="6" fullPath="C:/Users/manu/flarpy blorb/Assets/Scripts/pipeMoveScript.cs" />
        <File uid="7" fullPath="C:/Users/manu/flarpy blorb/Assets/Scripts/pipeSpawnScript.cs" />
        <File uid="8" fullPath="C:/Users/manu/flarpy blorb/Assets/Scripts/rimuruScript.cs" />
      </Files>
      <Classes>
        <Class>
          <Summary numSequencePoints="7" visitedSequencePoints="7" numBranchPoints="0" visitedBranchPoints="0" sequenceCoverage="100.0" branchCoverage="0.0" maxCyclomaticComplexity="0" minCyclomaticComplexity="0" maxCrapScore="0" minCrapScore="0" visitedClasses="1" numClasses="1" visitedMethods="2" numMethods="2" />
          <FullName>logicScript</FullName>
          <Methods>
            <Method visited="true" cyclomaticComplexity="0" nPathComplexity="0" sequenceCoverage="100.0" branchCoverage="0" crapScore="0" isConstructor="false" isStatic="false" isGetter="false" isSetter="false">
              <Summary numSequencePoints="4" visitedSequencePoints="4" numBranchPoints="0" visitedBranchPoints="0" sequenceCoverage="100.0" branchCoverage="0" maxCyclomaticComplexity="0" minCyclomaticComplexity="0" maxCrapScore="0" minCrapScore="0" visitedClasses="0" numClasses="0" visitedMethods="1" numMethods="1" />
              <MetadataToken>100663297</MetadataToken>
              <Name>System.Void logicScript::addScore(System.Int32)</Name>
              <FileRef uid="4" />
              <SequencePoints>
                <SequencePoint vc="1" uspid="382" ordinal="0" offset="0" sl="19" sc="5" el="19" ec="5" bec="0" bev="0" fileid="4" />
                <SequencePoint vc="1" uspid="383" ordinal="0" offset="1" sl="20" sc="9" el="20" ec="9" bec="0" bev="0" fileid="4" />
                <SequencePoint vc="1" uspid="384" ordinal="0" offset="15" sl="21" sc="9" el="21" ec="9" bec="0" bev="0" fileid="4" />
                <SequencePoint vc="1" uspid="385" ordinal="0" offset="38" sl="22" sc="5" el="22" ec="5" bec="0" bev="0" fileid="4" />
              </SequencePoints>
              <BranchPoints />
            </Method>
            <Method visited="true" cyclomaticComplexity="0" nPathComplexity="0" sequenceCoverage="100.0" branchCoverage="0" crapScore="0" isConstructor="false" isStatic="false" isGetter="false" isSetter="false">
              <Summary numSequencePoints="3" visitedSequencePoints="3" numBranchPoints="0" visitedBranchPoints="0" sequenceCoverage="100.0" branchCoverage="0" maxCyclomaticComplexity="0" minCyclomaticComplexity="0" maxCrapScore="0" minCrapScore="0" visitedClasses="0" numClasses="0" visitedMethods="1" numMethods="1" />
              <MetadataToken>100663299</MetadataToken>
              <Name>System.Void logicScript::gameOver()</Name>
              <FileRef uid="4" />
              <SequencePoints>
                <SequencePoint vc="846" uspid="389" ordinal="0" offset="0" sl="32" sc="5" el="32" ec="5" bec="0" bev="0" fileid="4" />
                <SequencePoint vc="846" uspid="390" ordinal="0" offset="1" sl="33" sc="9" el="33" ec="9" bec="0" bev="0" fileid="4" />
                <SequencePoint vc="846" uspid="391" ordinal="0" offset="14" sl="34" sc="5" el="34" ec="5" bec="0" bev="0" fileid="4" />
              </SequencePoints>
              <BranchPoints />
            </Method>
          </Methods>
        </Class>
        <Class>
          <Summary numSequencePoints="10" visitedSequencePoints="10" numBranchPoints="0" visitedBranchPoints="0" sequenceCoverage="100.0" branchCoverage="0.0" maxCyclomaticComplexity="0" minCyclomaticComplexity="0" maxCrapScore="0" minCrapScore="0" visitedClasses="1" numClasses="1" visitedMethods="2" numMethods="2" />
          <FullName>pipeMiddleScript</FullName>
          <Methods>
            <Method visited="true" cyclomaticComplexity="0" nPathComplexity="0" sequenceCoverage="100.0" branchCoverage="0" crapScore="0" isConstructor="false" isStatic="false" isGetter="false" isSetter="false">
              <Summary numSequencePoints="4" visitedSequencePoints="4" numBranchPoints="0" visitedBranchPoints="0" sequenceCoverage="100.0" branchCoverage="0" maxCyclomaticComplexity="0" minCyclomaticComplexity="0" maxCrapScore="0" minCrapScore="0" visitedClasses="0" numClasses="0" visitedMethods="1" numMethods="1" />
              <MetadataToken>100663301</MetadataToken>
              <Name>System.Void pipeMiddleScript::Start()</Name>
              <FileRef uid="5" />
              <SequencePoints>
                <SequencePoint vc="16" uspid="392" ordinal="0" offset="0" sl="13" sc="5" el="13" ec="5" bec="0" bev="0" fileid="5" />
                <SequencePoint vc="16" uspid="393" ordinal="0" offset="1" sl="14" sc="9" el="14" ec="9" bec="0" bev="0" fileid="5" />
                <SequencePoint vc="16" uspid="394" ordinal="0" offset="22" sl="15" sc="9" el="15" ec="9" bec="0" bev="0" fileid="5" />
                <SequencePoint vc="16" uspid="395" ordinal="0" offset="43" sl="16" sc="5" el="16" ec="5" bec="0" bev="0" fileid="5" />
              </SequencePoints>
              <BranchPoints />
            </Method>
            <Method visited="true" cyclomaticComplexity="0" nPathComplexity="0" sequenceCoverage="100.0" branchCoverage="0" crapScore="0" isConstructor="false" isStatic="false" isGetter="false" isSetter="false">
              <Summary numSequencePoints="6" visitedSequencePoints="6" numBranchPoints="0" visitedBranchPoints="0" sequenceCoverage="100.0" branchCoverage="0" maxCyclomaticComplexity="0" minCyclomaticComplexity="0" maxCrapScore="0" minCrapScore="0" visitedClasses="0" numClasses="0" visitedMethods="1" numMethods="1" />
              <MetadataToken>100663302</MetadataToken>
              <Name>System.Void pipeMiddleScript::OnTriggerEnter2D(UnityEngine.Collider2D)</Name>
              <FileRef uid="5" />
              <SequencePoints>
                <SequencePoint vc="1" uspid="396" ordinal="0" offset="0" sl="19" sc="5" el="19" ec="5" bec="0" bev="0" fileid="5" />
                <SequencePoint vc="1" uspid="397" ordinal="0" offset="1" sl="21" sc="9" el="21" ec="9" bec="0" bev="0" fileid="5" />
                <SequencePoint vc="1" uspid="398" ordinal="0" offset="42" sl="22" sc="9" el="22" ec="9" bec="0" bev="0" fileid="5" />
                <SequencePoint vc="1" uspid="399" ordinal="0" offset="43" sl="23" sc="13" el="23" ec="13" bec="0" bev="0" fileid="5" />
                <SequencePoint vc="1" uspid="400" ordinal="0" offset="56" sl="24" sc="9" el="24" ec="9" bec="0" bev="0" fileid="5" />
                <SequencePoint vc="1" uspid="401" ordinal="0" offset="57" sl="25" sc="5" el="25" ec="5" bec="0" bev="0" fileid="5" />
              </SequencePoints>
              <BranchPoints />
            </Method>
          </Methods>
        </Class>
        <Class>
          <Summary numSequencePoints="10" visitedSequencePoints="10" numBranchPoints="0" visitedBranchPoints="0" sequenceCoverage="100.0" branchCoverage="0.0" maxCyclomaticComplexity="0" minCyclomaticComplexity="0" maxCrapScore="0" minCrapScore="0" visitedClasses="1" numClasses="1" visitedMethods="2" numMethods="2" />
          <FullName>pipeMoveScript</FullName>
          <Methods>
            <Method visited="true" cyclomaticComplexity="0" nPathComplexity="0" sequenceCoverage="100.0" branchCoverage="0" crapScore="0" isConstructor="false" isStatic="false" isGetter="false" isSetter="false">
              <Summary numSequencePoints="8" visitedSequencePoints="8" numBranchPoints="0" visitedBranchPoints="0" sequenceCoverage="100.0" branchCoverage="0" maxCyclomaticComplexity="0" minCyclomaticComplexity="0" maxCrapScore="0" minCrapScore="0" visitedClasses="0" numClasses="0" visitedMethods="1" numMethods="1" />
              <MetadataToken>100663304</MetadataToken>
              <Name>System.Void pipeMoveScript::Update()</Name>
              <FileRef uid="6" />
              <SequencePoints>
                <SequencePoint vc="19092" uspid="402" ordinal="0" offset="0" sl="16" sc="5" el="16" ec="5" bec="0" bev="0" fileid="6" />
                <SequencePoint vc="19092" uspid="403" ordinal="0" offset="1" sl="18" sc="9" el="18" ec="9" bec="0" bev="0" fileid="6" />
                <SequencePoint vc="19092" uspid="404" ordinal="0" offset="50" sl="20" sc="9" el="20" ec="9" bec="0" bev="0" fileid="6" />
                <SequencePoint vc="1" uspid="405" ordinal="0" offset="78" sl="21" sc="9" el="21" ec="9" bec="0" bev="0" fileid="6" />
                <SequencePoint vc="1" uspid="406" ordinal="0" offset="79" sl="22" sc="13" el="22" ec="13" bec="0" bev="0" fileid="6" />
                <SequencePoint vc="1" uspid="407" ordinal="0" offset="90" sl="23" sc="13" el="23" ec="13" bec="0" bev="0" fileid="6" />
                <SequencePoint vc="1" uspid="408" ordinal="0" offset="102" sl="24" sc="9" el="24" ec="9" bec="0" bev="0" fileid="6" />
                <SequencePoint vc="19092" uspid="409" ordinal="0" offset="103" sl="25" sc="5" el="25" ec="5" bec="0" bev="0" fileid="6" />
              </SequencePoints>
              <BranchPoints />
            </Method>
            <Method visited="true" cyclomaticComplexity="0" nPathComplexity="0" sequenceCoverage="100.0" branchCoverage="0" crapScore="0" isConstructor="true" isStatic="false" isGetter="false" isSetter="false">
              <Summary numSequencePoints="2" visitedSequencePoints="2" numBranchPoints="0" visitedBranchPoints="0" sequenceCoverage="100.0" branchCoverage="0" maxCyclomaticComplexity="0" minCyclomaticComplexity="0" maxCrapScore="0" minCrapScore="0" visitedClasses="0" numClasses="0" visitedMethods="1" numMethods="1" />
              <MetadataToken>100663305</MetadataToken>
              <Name>pipeMoveScript::pipeMoveScript()</Name>
              <FileRef uid="6" />
              <SequencePoints>
                <SequencePoint vc="17" uspid="410" ordinal="0" offset="0" sl="10" sc="5" el="10" ec="5" bec="0" bev="0" fileid="6" />
                <SequencePoint vc="17" uspid="411" ordinal="0" offset="11" sl="12" sc="5" el="12" ec="5" bec="0" bev="0" fileid="6" />
              </SequencePoints>
              <BranchPoints />
            </Method>
          </Methods>
        </Class>
        <Class>
          <Summary numSequencePoints="21" visitedSequencePoints="21" numBranchPoints="0" visitedBranchPoints="0" sequenceCoverage="100.0" branchCoverage="0.0" maxCyclomaticComplexity="0" minCyclomaticComplexity="0" maxCrapScore="0" minCrapScore="0" visitedClasses="1" numClasses="1" visitedMethods="4" numMethods="4" />
          <FullName>pipeSpawnScript</FullName>
          <Methods>
            <Method visited="true" cyclomaticComplexity="0" nPathComplexity="0" sequenceCoverage="100.0" branchCoverage="0" crapScore="0" isConstructor="false" isStatic="false" isGetter="false" isSetter="false">
              <Summary numSequencePoints="3" visitedSequencePoints="3" numBranchPoints="0" visitedBranchPoints="0" sequenceCoverage="100.0" branchCoverage="0" maxCyclomaticComplexity="0" minCyclomaticComplexity="0" maxCrapScore="0" minCrapScore="0" visitedClasses="0" numClasses="0" visitedMethods="1" numMethods="1" />
              <MetadataToken>100663306</MetadataToken>
              <Name>System.Void pipeSpawnScript::Start()</Name>
              <FileRef uid="7" />
              <SequencePoints>
                <SequencePoint vc="10" uspid="412" ordinal="0" offset="0" sl="20" sc="5" el="20" ec="5" bec="0" bev="0" fileid="7" />
                <SequencePoint vc="10" uspid="413" ordinal="0" offset="1" sl="22" sc="9" el="22" ec="9" bec="0" bev="0" fileid="7" />
                <SequencePoint vc="10" uspid="414" ordinal="0" offset="8" sl="23" sc="5" el="23" ec="5" bec="0" bev="0" fileid="7" />
              </SequencePoints>
              <BranchPoints />
            </Method>
            <Method visited="true" cyclomaticComplexity="0" nPathComplexity="0" sequenceCoverage="100.0" branchCoverage="0" crapScore="0" isConstructor="false" isStatic="false" isGetter="false" isSetter="false">
              <Summary numSequencePoints="10" visitedSequencePoints="10" numBranchPoints="0" visitedBranchPoints="0" sequenceCoverage="100.0" branchCoverage="0" maxCyclomaticComplexity="0" minCyclomaticComplexity="0" maxCrapScore="0" minCrapScore="0" visitedClasses="0" numClasses="0" visitedMethods="1" numMethods="1" />
              <MetadataToken>100663307</MetadataToken>
              <Name>System.Void pipeSpawnScript::Update()</Name>
              <FileRef uid="7" />
              <SequencePoints>
                <SequencePoint vc="9742" uspid="415" ordinal="0" offset="0" sl="27" sc="5" el="27" ec="5" bec="0" bev="0" fileid="7" />
                <SequencePoint vc="9742" uspid="416" ordinal="0" offset="1" sl="29" sc="9" el="29" ec="9" bec="0" bev="0" fileid="7" />
                <SequencePoint vc="9736" uspid="417" ordinal="0" offset="19" sl="30" sc="9" el="30" ec="9" bec="0" bev="0" fileid="7" />
                <SequencePoint vc="9736" uspid="418" ordinal="0" offset="20" sl="31" sc="13" el="31" ec="13" bec="0" bev="0" fileid="7" />
                <SequencePoint vc="9736" uspid="419" ordinal="0" offset="38" sl="32" sc="9" el="32" ec="9" bec="0" bev="0" fileid="7" />
                <SequencePoint vc="6" uspid="420" ordinal="0" offset="41" sl="35" sc="9" el="35" ec="9" bec="0" bev="0" fileid="7" />
                <SequencePoint vc="6" uspid="421" ordinal="0" offset="42" sl="36" sc="13" el="36" ec="13" bec="0" bev="0" fileid="7" />
                <SequencePoint vc="6" uspid="422" ordinal="0" offset="49" sl="37" sc="13" el="37" ec="13" bec="0" bev="0" fileid="7" />
                <SequencePoint vc="6" uspid="423" ordinal="0" offset="60" sl="38" sc="9" el="38" ec="9" bec="0" bev="0" fileid="7" />
                <SequencePoint vc="9742" uspid="424" ordinal="0" offset="61" sl="39" sc="5" el="39" ec="5" bec="0" bev="0" fileid="7" />
              </SequencePoints>
              <BranchPoints />
            </Method>
            <Method visited="true" cyclomaticComplexity="0" nPathComplexity="0" sequenceCoverage="100.0" branchCoverage="0" crapScore="0" isConstructor="false" isStatic="false" isGetter="false" isSetter="false">
              <Summary numSequencePoints="5" visitedSequencePoints="5" numBranchPoints="0" visitedBranchPoints="0" sequenceCoverage="100.0" branchCoverage="0" maxCyclomaticComplexity="0" minCyclomaticComplexity="0" maxCrapScore="0" minCrapScore="0" visitedClasses="0" numClasses="0" visitedMethods="1" numMethods="1" />
              <MetadataToken>100663308</MetadataToken>
              <Name>System.Void pipeSpawnScript::spawnPipe()</Name>
              <FileRef uid="7" />
              <SequencePoints>
                <SequencePoint vc="16" uspid="425" ordinal="0" offset="0" sl="41" sc="5" el="41" ec="5" bec="0" bev="0" fileid="7" />
                <SequencePoint vc="16" uspid="426" ordinal="0" offset="1" sl="43" sc="9" el="43" ec="9" bec="0" bev="0" fileid="7" />
                <SequencePoint vc="16" uspid="427" ordinal="0" offset="25" sl="44" sc="9" el="44" ec="9" bec="0" bev="0" fileid="7" />
                <SequencePoint vc="16" uspid="428" ordinal="0" offset="49" sl="46" sc="9" el="46" ec="9" bec="0" bev="0" fileid="7" />
                <SequencePoint vc="16" uspid="429" ordinal="0" offset="105" sl="47" sc="5" el="47" ec="5" bec="0" bev="0" fileid="7" />
              </SequencePoints>
              <BranchPoints />
            </Method>
            <Method visited="true" cyclomaticComplexity="0" nPathComplexity="0" sequenceCoverage="100.0" branchCoverage="0" crapScore="0" isConstructor="true" isStatic="false" isGetter="false" isSetter="false">
              <Summary numSequencePoints="3" visitedSequencePoints="3" numBranchPoints="0" visitedBranchPoints="0" sequenceCoverage="100.0" branchCoverage="0" maxCyclomaticComplexity="0" minCyclomaticComplexity="0" maxCrapScore="0" minCrapScore="0" visitedClasses="0" numClasses="0" visitedMethods="1" numMethods="1" />
              <MetadataToken>100663309</MetadataToken>
              <Name>pipeSpawnScript::pipeSpawnScript()</Name>
              <FileRef uid="7" />
              <SequencePoints>
                <SequencePoint vc="10" uspid="430" ordinal="0" offset="0" sl="12" sc="5" el="12" ec="5" bec="0" bev="0" fileid="7" />
                <SequencePoint vc="10" uspid="431" ordinal="0" offset="11" sl="14" sc="5" el="14" ec="5" bec="0" bev="0" fileid="7" />
                <SequencePoint vc="10" uspid="432" ordinal="0" offset="22" sl="16" sc="5" el="16" ec="5" bec="0" bev="0" fileid="7" />
              </SequencePoints>
              <BranchPoints />
            </Method>
          </Methods>
        </Class>
        <Class>
          <Summary numSequencePoints="20" visitedSequencePoints="16" numBranchPoints="0" visitedBranchPoints="0" sequenceCoverage="80.00" branchCoverage="0.0" maxCyclomaticComplexity="0" minCyclomaticComplexity="0" maxCrapScore="0" minCrapScore="0" visitedClasses="1" numClasses="1" visitedMethods="4" numMethods="4" />
          <FullName>rimuruScript</FullName>
          <Methods>
            <Method visited="true" cyclomaticComplexity="0" nPathComplexity="0" sequenceCoverage="100.0" branchCoverage="0" crapScore="0" isConstructor="false" isStatic="false" isGetter="false" isSetter="false">
              <Summary numSequencePoints="3" visitedSequencePoints="3" numBranchPoints="0" visitedBranchPoints="0" sequenceCoverage="100.0" branchCoverage="0" maxCyclomaticComplexity="0" minCyclomaticComplexity="0" maxCrapScore="0" minCrapScore="0" visitedClasses="0" numClasses="0" visitedMethods="1" numMethods="1" />
              <MetadataToken>100663310</MetadataToken>
              <Name>System.Void rimuruScript::Start()</Name>
              <FileRef uid="8" />
              <SequencePoints>
                <SequencePoint vc="10" uspid="433" ordinal="0" offset="0" sl="17" sc="5" el="17" ec="5" bec="0" bev="0" fileid="8" />
                <SequencePoint vc="10" uspid="434" ordinal="0" offset="1" sl="19" sc="9" el="19" ec="9" bec="0" bev="0" fileid="8" />
                <SequencePoint vc="10" uspid="435" ordinal="0" offset="22" sl="20" sc="5" el="20" ec="5" bec="0" bev="0" fileid="8" />
              </SequencePoints>
              <BranchPoints />
            </Method>
            <Method visited="true" cyclomaticComplexity="0" nPathComplexity="0" sequenceCoverage="66.67" branchCoverage="0" crapScore="0" isConstructor="false" isStatic="false" isGetter="false" isSetter="false">
              <Summary numSequencePoints="12" visitedSequencePoints="8" numBranchPoints="0" visitedBranchPoints="0" sequenceCoverage="66.67" branchCoverage="0" maxCyclomaticComplexity="0" minCyclomaticComplexity="0" maxCrapScore="0" minCrapScore="0" visitedClasses="0" numClasses="0" visitedMethods="1" numMethods="1" />
              <MetadataToken>100663311</MetadataToken>
              <Name>System.Void rimuruScript::Update()</Name>
              <FileRef uid="8" />
              <SequencePoints>
                <SequencePoint vc="9742" uspid="436" ordinal="0" offset="0" sl="24" sc="5" el="24" ec="5" bec="0" bev="0" fileid="8" />
                <SequencePoint vc="9742" uspid="437" ordinal="0" offset="1" sl="26" sc="9" el="26" ec="9" bec="0" bev="0" fileid="8" />
                <SequencePoint vc="0" uspid="438" ordinal="0" offset="23" sl="27" sc="9" el="27" ec="9" bec="0" bev="0" fileid="8" />
                <SequencePoint vc="0" uspid="439" ordinal="0" offset="24" sl="29" sc="13" el="29" ec="13" bec="0" bev="0" fileid="8" />
                <SequencePoint vc="0" uspid="440" ordinal="0" offset="52" sl="31" sc="13" el="31" ec="13" bec="0" bev="0" fileid="8" />
                <SequencePoint vc="0" uspid="441" ordinal="0" offset="74" sl="32" sc="9" el="32" ec="9" bec="0" bev="0" fileid="8" />
                <SequencePoint vc="9742" uspid="442" ordinal="0" offset="75" sl="34" sc="9" el="34" ec="9" bec="0" bev="0" fileid="8" />
                <SequencePoint vc="845" uspid="443" ordinal="0" offset="128" sl="35" sc="9" el="35" ec="9" bec="0" bev="0" fileid="8" />
                <SequencePoint vc="845" uspid="444" ordinal="0" offset="129" sl="36" sc="13" el="36" ec="13" bec="0" bev="0" fileid="8" />
                <SequencePoint vc="845" uspid="445" ordinal="0" offset="141" sl="37" sc="13" el="37" ec="13" bec="0" bev="0" fileid="8" />
                <SequencePoint vc="845" uspid="446" ordinal="0" offset="148" sl="38" sc="9" el="38" ec="9" bec="0" bev="0" fileid="8" />
                <SequencePoint vc="9742" uspid="447" ordinal="0" offset="149" sl="39" sc="5" el="39" ec="5" bec="0" bev="0" fileid="8" />
              </SequencePoints>
              <BranchPoints />
            </Method>
            <Method visited="true" cyclomaticComplexity="0" nPathComplexity="0" sequenceCoverage="100.0" branchCoverage="0" crapScore="0" isConstructor="false" isStatic="false" isGetter="false" isSetter="false">
              <Summary numSequencePoints="4" visitedSequencePoints="4" numBranchPoints="0" visitedBranchPoints="0" sequenceCoverage="100.0" branchCoverage="0" maxCyclomaticComplexity="0" minCyclomaticComplexity="0" maxCrapScore="0" minCrapScore="0" visitedClasses="0" numClasses="0" visitedMethods="1" numMethods="1" />
              <MetadataToken>100663312</MetadataToken>
              <Name>System.Void rimuruScript::OnCollisionEnter2D(UnityEngine.Collision2D)</Name>
              <FileRef uid="8" />
              <SequencePoints>
                <SequencePoint vc="1" uspid="448" ordinal="0" offset="0" sl="42" sc="5" el="42" ec="5" bec="0" bev="0" fileid="8" />
                <SequencePoint vc="1" uspid="449" ordinal="0" offset="1" sl="44" sc="9" el="44" ec="9" bec="0" bev="0" fileid="8" />
                <SequencePoint vc="1" uspid="450" ordinal="0" offset="13" sl="46" sc="9" el="46" ec="9" bec="0" bev="0" fileid="8" />
                <SequencePoint vc="1" uspid="451" ordinal="0" offset="20" sl="47" sc="5" el="47" ec="5" bec="0" bev="0" fileid="8" />
              </SequencePoints>
              <BranchPoints />
            </Method>
            <Method visited="true" cyclomaticComplexity="0" nPathComplexity="0" sequenceCoverage="100.0" branchCoverage="0" crapScore="0" isConstructor="true" isStatic="false" isGetter="false" isSetter="false">
              <Summary numSequencePoints="1" visitedSequencePoints="1" numBranchPoints="0" visitedBranchPoints="0" sequenceCoverage="100.0" branchCoverage="0" maxCyclomaticComplexity="0" minCyclomaticComplexity="0" maxCrapScore="0" minCrapScore="0" visitedClasses="0" numClasses="0" visitedMethods="1" numMethods="1" />
              <MetadataToken>100663313</MetadataToken>
              <Name>rimuruScript::rimuruScript()</Name>
              <FileRef uid="8" />
              <SequencePoints>
                <SequencePoint vc="10" uspid="452" ordinal="0" offset="0" sl="11" sc="5" el="11" ec="5" bec="0" bev="0" fileid="8" />
              </SequencePoints>
              <BranchPoints />
            </Method>
          </Methods>
        </Class>
      </Classes>
    </Module>
  </Modules>
</CoverageSession>